Using pre-set license
Built from '2020.2/staging' branch; Version is '2020.2.5f1 (e2c53f129de5) revision 14861631'; Using compiler version '192528614'; Build Type 'Release'
OS: 'Windows 10 Home; OS build 19041.867; Version 2004; 64bit' Language: 'nl' Physical Memory: 8034 MB
BatchMode: 1, IsHumanControllingUs: 0, StartBugReporterOnCrash: 0, Is64bit: 1, IsPro: 0

 COMMAND LINE ARGUMENTS:
C:\Program Files\Unity\Hub\Editor\2020.2.5f1\Editor\Unity.exe
-adb2
-batchMode
-noUpm
-name
AssetImportWorker0
-projectPath
D:/Thomas/AP/tweede jaar/3DGameProgramming/Exercises/lab5_rocket_git/rocket-assignment-part-1-Thomasvh1/lab5_rocket
-logFile
Logs/AssetImportWorker0.log
-srvPort
54398
Successfully changed project path to: D:/Thomas/AP/tweede jaar/3DGameProgramming/Exercises/lab5_rocket_git/rocket-assignment-part-1-Thomasvh1/lab5_rocket
D:/Thomas/AP/tweede jaar/3DGameProgramming/Exercises/lab5_rocket_git/rocket-assignment-part-1-Thomasvh1/lab5_rocket
Using Asset Import Pipeline V2.
Refreshing native plugins compatible for Editor in 24.86 ms, found 0 plugins.
Preloading 0 native plugins for Editor in 0.00 ms.
Initialize engine version: 2020.2.5f1 (e2c53f129de5)
[Subsystems] Discovering subsystems at path C:/Program Files/Unity/Hub/Editor/2020.2.5f1/Editor/Data/Resources/UnitySubsystems
[Subsystems] Discovering subsystems at path D:/Thomas/AP/tweede jaar/3DGameProgramming/Exercises/lab5_rocket_git/rocket-assignment-part-1-Thomasvh1/lab5_rocket/Assets
GfxDevice: creating device client; threaded=0
Direct3D:
    Version:  Direct3D 11.0 [level 11.1]
    Renderer: NVIDIA GeForce GTX 1050 (ID=0x1c91)
    Vendor:   
    VRAM:     2996 MB
    Driver:   27.21.14.5167
Initialize mono
Mono path[0] = 'C:/Program Files/Unity/Hub/Editor/2020.2.5f1/Editor/Data/Managed'
Mono path[1] = 'C:/Program Files/Unity/Hub/Editor/2020.2.5f1/Editor/Data/MonoBleedingEdge/lib/mono/unityjit'
Mono config path = 'C:/Program Files/Unity/Hub/Editor/2020.2.5f1/Editor/Data/MonoBleedingEdge/etc'
Using monoOptions --debugger-agent=transport=dt_socket,embedding=1,server=y,suspend=n,address=127.0.0.1:56032
Begin MonoManager ReloadAssembly
Registering precompiled unity dll's ...
Register platform support module: C:/Program Files/Unity/Hub/Editor/2020.2.5f1/Editor/Data/PlaybackEngines/WebGLSupport/UnityEditor.WebGL.Extensions.dll
Register platform support module: C:/Program Files/Unity/Hub/Editor/2020.2.5f1/Editor/Data/PlaybackEngines/WindowsStandaloneSupport/UnityEditor.WindowsStandalone.Extensions.dll
Registered in 0.002831 seconds.
Native extension for WindowsStandalone target not found
Native extension for WebGL target not found
Refreshing native plugins compatible for Editor in 23.69 ms, found 0 plugins.
Preloading 0 native plugins for Editor in 0.00 ms.
Invoked RoslynAnalysisRunner static constructor.
RoslynAnalysisRunner will not be running.
RoslynAnalysisRunner has terminated.
Mono: successfully reloaded assembly
- Completed reload, in  1.222 seconds
Platform modules already initialized, skipping
Registering precompiled user dll's ...
Registered in 0.001316 seconds.
Begin MonoManager ReloadAssembly
Native extension for WindowsStandalone target not found
Native extension for WebGL target not found
Refreshing native plugins compatible for Editor in 0.21 ms, found 0 plugins.
Preloading 0 native plugins for Editor in 0.00 ms.
Invoked RoslynAnalysisRunner static constructor.
RoslynAnalysisRunner will not be running.
RoslynAnalysisRunner has terminated.
Mono: successfully reloaded assembly
- Completed reload, in  0.790 seconds
Platform modules already initialized, skipping
========================================================================
Worker process is ready to serve import requests
Launched and connected shader compiler UnityShaderCompiler.exe after 0.06 seconds
Refreshing native plugins compatible for Editor in 0.24 ms, found 0 plugins.
Preloading 0 native plugins for Editor in 0.00 ms.
Unloading 1172 Unused Serialized files (Serialized files now loaded: 0)
System memory in use before: 61.5 MB.
System memory in use after: 61.5 MB.

Unloading 10 unused Assets to reduce memory usage. Loaded Objects now: 1621.
Total: 1.815400 ms (FindLiveObjects: 0.192200 ms CreateObjectMapping: 0.072200 ms MarkObjects: 1.466300 ms  DeleteObjects: 0.083200 ms)

========================================================================
Received Import Request.
  path: Assets/Standard Assets/CrossPlatformInput/Prefabs/MobileTiltControlRig.prefab
  artifactKey: Guid(999388b68bb99b44099461bfbed94358) Importer(815301076,1909f56bfc062723c751e8b465ee728b)
Start importing Assets/Standard Assets/CrossPlatformInput/Prefabs/MobileTiltControlRig.prefab using Guid(999388b68bb99b44099461bfbed94358) Importer(815301076,1909f56bfc062723c751e8b465ee728b)  -> (artifact id: '75d2c20e4b1534b9083e667e41c4353c') in 0.071009 seconds
  Import took 0.072819 seconds .

========================================================================
Received Import Request.
  Time since last request: 0.000353 seconds.
  path: Assets/Standard Assets/CrossPlatformInput/Prefabs/CarTiltControls.prefab
  artifactKey: Guid(174090ae7f9eff84abe76f0ff062efac) Importer(815301076,1909f56bfc062723c751e8b465ee728b)
Start importing Assets/Standard Assets/CrossPlatformInput/Prefabs/CarTiltControls.prefab using Guid(174090ae7f9eff84abe76f0ff062efac) Importer(815301076,1909f56bfc062723c751e8b465ee728b)  -> (artifact id: '826e875d2865be2062b68babb4de5b55') in 0.028624 seconds
  Import took 0.030417 seconds .

========================================================================
Received Import Request.
  Time since last request: 0.000320 seconds.
  path: Assets/Standard Assets/CrossPlatformInput/Prefabs/MobileAircraftControls.prefab
  artifactKey: Guid(3369231b1ed7ad34e84d9240a571db81) Importer(815301076,1909f56bfc062723c751e8b465ee728b)
Start importing Assets/Standard Assets/CrossPlatformInput/Prefabs/MobileAircraftControls.prefab using Guid(3369231b1ed7ad34e84d9240a571db81) Importer(815301076,1909f56bfc062723c751e8b465ee728b)  -> (artifact id: 'a470957643754ef42b69b5fc1d556beb') in 0.024586 seconds
  Import took 0.026759 seconds .

========================================================================
Received Import Request.
  Time since last request: 0.000341 seconds.
  path: Assets/Standard Assets/CrossPlatformInput/Prefabs
  artifactKey: Guid(5d3fb8e05edcf4b41aef584ca1b0d06f) Importer(815301076,1909f56bfc062723c751e8b465ee728b)
Start importing Assets/Standard Assets/CrossPlatformInput/Prefabs using Guid(5d3fb8e05edcf4b41aef584ca1b0d06f) Importer(815301076,1909f56bfc062723c751e8b465ee728b)  -> (artifact id: '0ae60409daac160d1801526464743200') in 0.003740 seconds
  Import took 0.005672 seconds .

========================================================================
Received Import Request.
  Time since last request: 0.000351 seconds.
  path: Assets/Standard Assets/CrossPlatformInput/Prefabs/DualTouchControls.prefab
  artifactKey: Guid(2169821f0567671499a5c10104c69c24) Importer(815301076,1909f56bfc062723c751e8b465ee728b)
Start importing Assets/Standard Assets/CrossPlatformInput/Prefabs/DualTouchControls.prefab using Guid(2169821f0567671499a5c10104c69c24) Importer(815301076,1909f56bfc062723c751e8b465ee728b)  -> (artifact id: '47b263f149832cc059899ffd30db757e') in 0.009263 seconds
  Import took 0.011299 seconds .

========================================================================
Received Import Request.
  Time since last request: 0.000300 seconds.
  path: Assets/Standard Assets/CrossPlatformInput/Prefabs/MobileSingleStickControl.prefab
  artifactKey: Guid(9529ecc3d479da5499993355e6c2cb4f) Importer(815301076,1909f56bfc062723c751e8b465ee728b)
Start importing Assets/Standard Assets/CrossPlatformInput/Prefabs/MobileSingleStickControl.prefab using Guid(9529ecc3d479da5499993355e6c2cb4f) Importer(815301076,1909f56bfc062723c751e8b465ee728b)  -> (artifact id: '436eca50405e6f91218cd4fb678edd97') in 0.010974 seconds
  Import took 0.012765 seconds .

========================================================================
Received Import Request.
  Time since last request: 16.838464 seconds.
  path: Assets/Materials/2k_earth_daymap.mat
  artifactKey: Guid(dd9218f924b024645903c007f1c5c1bf) Importer(815301076,1909f56bfc062723c751e8b465ee728b)
Start importing Assets/Materials/2k_earth_daymap.mat using Guid(dd9218f924b024645903c007f1c5c1bf) Importer(815301076,1909f56bfc062723c751e8b465ee728b)  -> (artifact id: '129b81c3d8a55ce1b262904605061095') in 0.085821 seconds
  Import took 0.088272 seconds .

========================================================================
Received Import Request.
  Time since last request: 0.000342 seconds.
  path: Assets/Materials/2k_moon.mat
  artifactKey: Guid(05c3cd87cb6dee24398ec26c4da65ebd) Importer(815301076,1909f56bfc062723c751e8b465ee728b)
Start importing Assets/Materials/2k_moon.mat using Guid(05c3cd87cb6dee24398ec26c4da65ebd) Importer(815301076,1909f56bfc062723c751e8b465ee728b)  -> (artifact id: '14ba366062dbda3d758d4db565e506c9') in 0.014146 seconds
  Import took 0.016275 seconds .

AssetImportWorkerClient::OnTransportError - code=2 error=End of file
